{"/home/chiuyong/kanastra-challenge-boilerplate/src/components/ui/FileUploader.tsx": {"path":"/home/chiuyong/kanastra-challenge-boilerplate/src/components/ui/FileUploader.tsx","statementMap":{"0":{"start":{"line":10,"column":50},"end":{"line":78,"column":1}},"1":{"start":{"line":17,"column":29},"end":{"line":23,"column":3}},"2":{"start":{"line":18,"column":4},"end":{"line":22,"column":6}},"3":{"start":{"line":25,"column":27},"end":{"line":33,"column":3}},"4":{"start":{"line":26,"column":25},"end":{"line":26,"column":56}},"5":{"start":{"line":27,"column":4},"end":{"line":32,"column":5}},"6":{"start":{"line":28,"column":6},"end":{"line":28,"column":25}},"7":{"start":{"line":29,"column":6},"end":{"line":29,"column":52}},"8":{"start":{"line":31,"column":6},"end":{"line":31,"column":33}},"9":{"start":{"line":35,"column":23},"end":{"line":38,"column":3}},"10":{"start":{"line":36,"column":4},"end":{"line":36,"column":27}},"11":{"start":{"line":37,"column":4},"end":{"line":37,"column":19}},"12":{"start":{"line":40,"column":2},"end":{"line":77,"column":4}},"13":{"start":{"line":80,"column":9},"end":{"line":80,"column":21}}},"fnMap":{"0":{"name":"(anonymous_0)","decl":{"start":{"line":10,"column":50},"end":{"line":10,"column":51}},"loc":{"start":{"line":16,"column":5},"end":{"line":78,"column":1}}},"1":{"name":"(anonymous_1)","decl":{"start":{"line":17,"column":29},"end":{"line":17,"column":30}},"loc":{"start":{"line":17,"column":53},"end":{"line":23,"column":3}}},"2":{"name":"(anonymous_2)","decl":{"start":{"line":25,"column":27},"end":{"line":25,"column":28}},"loc":{"start":{"line":25,"column":74},"end":{"line":33,"column":3}}},"3":{"name":"(anonymous_3)","decl":{"start":{"line":35,"column":23},"end":{"line":35,"column":24}},"loc":{"start":{"line":35,"column":44},"end":{"line":38,"column":3}}}},"branchMap":{"0":{"loc":{"start":{"line":19,"column":6},"end":{"line":21,"column":33}},"type":"binary-expr","locations":[{"start":{"line":19,"column":6},"end":{"line":19,"column":32}},{"start":{"line":20,"column":6},"end":{"line":20,"column":32}},{"start":{"line":21,"column":6},"end":{"line":21,"column":33}}]},"1":{"loc":{"start":{"line":26,"column":25},"end":{"line":26,"column":56}},"type":"binary-expr","locations":[{"start":{"line":26,"column":25},"end":{"line":26,"column":48}},{"start":{"line":26,"column":52},"end":{"line":26,"column":56}}]},"2":{"loc":{"start":{"line":27,"column":4},"end":{"line":32,"column":5}},"type":"if","locations":[{"start":{"line":27,"column":4},"end":{"line":32,"column":5}},{"start":{"line":30,"column":11},"end":{"line":32,"column":5}}]},"3":{"loc":{"start":{"line":27,"column":8},"end":{"line":27,"column":57}},"type":"binary-expr","locations":[{"start":{"line":27,"column":8},"end":{"line":27,"column":20}},{"start":{"line":27,"column":24},"end":{"line":27,"column":57}}]},"4":{"loc":{"start":{"line":54,"column":7},"end":{"line":54,"column":60}},"type":"binary-expr","locations":[{"start":{"line":54,"column":7},"end":{"line":54,"column":12}},{"start":{"line":54,"column":16},"end":{"line":54,"column":60}}]},"5":{"loc":{"start":{"line":56,"column":7},"end":{"line":64,"column":null}},"type":"binary-expr","locations":[{"start":{"line":56,"column":7},"end":{"line":56,"column":11}},{"start":{"line":57,"column":8},"end":{"line":63,"column":null}}]},"6":{"loc":{"start":{"line":67,"column":7},"end":{"line":74,"column":null}},"type":"binary-expr","locations":[{"start":{"line":67,"column":7},"end":{"line":67,"column":11}},{"start":{"line":68,"column":8},"end":{"line":73,"column":null}}]},"7":{"loc":{"start":{"line":73,"column":11},"end":{"line":73,"column":57}},"type":"cond-expr","locations":[{"start":{"line":73,"column":23},"end":{"line":73,"column":37}},{"start":{"line":73,"column":40},"end":{"line":73,"column":57}}]}},"s":{"0":2,"1":19,"2":5,"3":19,"4":5,"5":5,"6":1,"7":1,"8":4,"9":19,"10":4,"11":4,"12":19,"13":2},"f":{"0":19,"1":5,"2":5,"3":4},"b":{"0":[5,1,1],"1":[5,0],"2":[1,4],"3":[5,5],"4":[19,2],"5":[19,8],"6":[19,8],"7":[3,5]}}
,"/home/chiuyong/kanastra-challenge-boilerplate/src/components/ui/table.tsx": {"path":"/home/chiuyong/kanastra-challenge-boilerplate/src/components/ui/table.tsx","statementMap":{"0":{"start":{"line":1,"column":0},"end":{"line":1,"column":30}},"1":{"start":{"line":3,"column":0},"end":{"line":3,"column":32}},"2":{"start":{"line":5,"column":14},"end":{"line":16,"column":2}},"3":{"start":{"line":9,"column":2},"end":{"line":14,"column":null}},"4":{"start":{"line":106,"column":2},"end":{"line":106,"column":7}},"5":{"start":{"line":17,"column":0},"end":{"line":17,"column":null}},"6":{"start":{"line":19,"column":20},"end":{"line":24,"column":2}},"7":{"start":{"line":23,"column":2},"end":{"line":23,"column":77}},"8":{"start":{"line":107,"column":2},"end":{"line":107,"column":13}},"9":{"start":{"line":25,"column":0},"end":{"line":25,"column":null}},"10":{"start":{"line":27,"column":18},"end":{"line":36,"column":2}},"11":{"start":{"line":31,"column":2},"end":{"line":34,"column":null}},"12":{"start":{"line":108,"column":2},"end":{"line":108,"column":11}},"13":{"start":{"line":37,"column":0},"end":{"line":37,"column":null}},"14":{"start":{"line":39,"column":20},"end":{"line":48,"column":2}},"15":{"start":{"line":43,"column":2},"end":{"line":46,"column":null}},"16":{"start":{"line":109,"column":2},"end":{"line":109,"column":13}},"17":{"start":{"line":49,"column":0},"end":{"line":49,"column":null}},"18":{"start":{"line":51,"column":17},"end":{"line":63,"column":2}},"19":{"start":{"line":55,"column":2},"end":{"line":61,"column":null}},"20":{"start":{"line":111,"column":2},"end":{"line":111,"column":10}},"21":{"start":{"line":64,"column":0},"end":{"line":64,"column":null}},"22":{"start":{"line":66,"column":18},"end":{"line":78,"column":2}},"23":{"start":{"line":70,"column":2},"end":{"line":76,"column":null}},"24":{"start":{"line":110,"column":2},"end":{"line":110,"column":11}},"25":{"start":{"line":79,"column":0},"end":{"line":79,"column":null}},"26":{"start":{"line":81,"column":18},"end":{"line":90,"column":2}},"27":{"start":{"line":85,"column":2},"end":{"line":88,"column":null}},"28":{"start":{"line":112,"column":2},"end":{"line":112,"column":11}},"29":{"start":{"line":91,"column":0},"end":{"line":91,"column":null}},"30":{"start":{"line":93,"column":21},"end":{"line":102,"column":2}},"31":{"start":{"line":97,"column":2},"end":{"line":100,"column":null}},"32":{"start":{"line":113,"column":2},"end":{"line":113,"column":14}},"33":{"start":{"line":103,"column":0},"end":{"line":103,"column":null}}},"fnMap":{"0":{"name":"(anonymous_0)","decl":{"start":{"line":8,"column":2},"end":{"line":8,"column":3}},"loc":{"start":{"line":9,"column":2},"end":{"line":14,"column":null}}},"1":{"name":"(anonymous_1)","decl":{"start":{"line":22,"column":2},"end":{"line":22,"column":3}},"loc":{"start":{"line":23,"column":2},"end":{"line":23,"column":77}}},"2":{"name":"(anonymous_2)","decl":{"start":{"line":30,"column":2},"end":{"line":30,"column":3}},"loc":{"start":{"line":31,"column":2},"end":{"line":34,"column":null}}},"3":{"name":"(anonymous_3)","decl":{"start":{"line":42,"column":2},"end":{"line":42,"column":3}},"loc":{"start":{"line":43,"column":2},"end":{"line":46,"column":null}}},"4":{"name":"(anonymous_4)","decl":{"start":{"line":54,"column":2},"end":{"line":54,"column":3}},"loc":{"start":{"line":55,"column":2},"end":{"line":61,"column":null}}},"5":{"name":"(anonymous_5)","decl":{"start":{"line":69,"column":2},"end":{"line":69,"column":3}},"loc":{"start":{"line":70,"column":2},"end":{"line":76,"column":null}}},"6":{"name":"(anonymous_6)","decl":{"start":{"line":84,"column":2},"end":{"line":84,"column":3}},"loc":{"start":{"line":85,"column":2},"end":{"line":88,"column":null}}},"7":{"name":"(anonymous_7)","decl":{"start":{"line":96,"column":2},"end":{"line":96,"column":3}},"loc":{"start":{"line":97,"column":2},"end":{"line":100,"column":null}}}},"branchMap":{},"s":{"0":1,"1":1,"2":1,"3":1,"4":1,"5":1,"6":1,"7":1,"8":1,"9":1,"10":1,"11":1,"12":1,"13":1,"14":1,"15":0,"16":1,"17":1,"18":1,"19":6,"20":1,"21":1,"22":1,"23":3,"24":1,"25":1,"26":1,"27":15,"28":1,"29":1,"30":1,"31":0,"32":1,"33":1},"f":{"0":1,"1":1,"2":1,"3":0,"4":6,"5":3,"6":15,"7":0},"b":{}}
,"/home/chiuyong/kanastra-challenge-boilerplate/src/context/FileContext.tsx": {"path":"/home/chiuyong/kanastra-challenge-boilerplate/src/context/FileContext.tsx","statementMap":{"0":{"start":{"line":1,"column":0},"end":{"line":1,"column":57}},"1":{"start":{"line":3,"column":0},"end":{"line":3,"column":67}},"2":{"start":{"line":5,"column":20},"end":{"line":5,"column":73}},"3":{"start":{"line":17,"column":23},"end":{"line":17,"column":34}},"4":{"start":{"line":7,"column":50},"end":{"line":15,"column":1}},"5":{"start":{"line":8,"column":28},"end":{"line":8,"column":65}},"6":{"start":{"line":10,"column":2},"end":{"line":14,"column":4}},"7":{"start":{"line":17,"column":9},"end":{"line":17,"column":21}}},"fnMap":{"0":{"name":"(anonymous_0)","decl":{"start":{"line":7,"column":50},"end":{"line":7,"column":51}},"loc":{"start":{"line":7,"column":67},"end":{"line":15,"column":1}}}},"branchMap":{},"s":{"0":2,"1":2,"2":2,"3":2,"4":2,"5":18,"6":18,"7":2},"f":{"0":18},"b":{}}
,"/home/chiuyong/kanastra-challenge-boilerplate/src/hooks/useFetchFiles.ts": {"path":"/home/chiuyong/kanastra-challenge-boilerplate/src/hooks/useFetchFiles.ts","statementMap":{"0":{"start":{"line":1,"column":0},"end":{"line":1,"column":36}},"1":{"start":{"line":2,"column":0},"end":{"line":2,"column":50}},"2":{"start":{"line":3,"column":0},"end":{"line":3,"column":59}},"3":{"start":{"line":4,"column":0},"end":{"line":4,"column":41}},"4":{"start":{"line":6,"column":29},"end":{"line":31,"column":1}},"5":{"start":{"line":7,"column":23},"end":{"line":7,"column":39}},"6":{"start":{"line":9,"column":21},"end":{"line":28,"column":16}},"7":{"start":{"line":10,"column":4},"end":{"line":13,"column":7}},"8":{"start":{"line":14,"column":4},"end":{"line":27,"column":5}},"9":{"start":{"line":15,"column":23},"end":{"line":15,"column":48}},"10":{"start":{"line":16,"column":6},"end":{"line":16,"column":74}},"11":{"start":{"line":18,"column":6},"end":{"line":21,"column":9}},"12":{"start":{"line":23,"column":6},"end":{"line":26,"column":9}},"13":{"start":{"line":30,"column":2},"end":{"line":30,"column":24}},"14":{"start":{"line":6,"column":13},"end":{"line":6,"column":29}}},"fnMap":{"0":{"name":"(anonymous_0)","decl":{"start":{"line":6,"column":29},"end":{"line":6,"column":32}},"loc":{"start":{"line":6,"column":34},"end":{"line":31,"column":1}}},"1":{"name":"(anonymous_1)","decl":{"start":{"line":9,"column":33},"end":{"line":9,"column":38}},"loc":{"start":{"line":9,"column":44},"end":{"line":28,"column":3}}}},"branchMap":{},"s":{"0":1,"1":1,"2":1,"3":1,"4":1,"5":9,"6":9,"7":3,"8":3,"9":3,"10":2,"11":1,"12":3,"13":9,"14":1},"f":{"0":9,"1":3},"b":{}}
,"/home/chiuyong/kanastra-challenge-boilerplate/src/hooks/useFileContext.ts": {"path":"/home/chiuyong/kanastra-challenge-boilerplate/src/hooks/useFileContext.ts","statementMap":{"0":{"start":{"line":1,"column":0},"end":{"line":1,"column":35}},"1":{"start":{"line":2,"column":0},"end":{"line":2,"column":52}},"2":{"start":{"line":4,"column":23},"end":{"line":10,"column":1}},"3":{"start":{"line":5,"column":18},"end":{"line":5,"column":41}},"4":{"start":{"line":6,"column":2},"end":{"line":7,"column":73}},"5":{"start":{"line":7,"column":4},"end":{"line":7,"column":73}},"6":{"start":{"line":9,"column":2},"end":{"line":9,"column":17}},"7":{"start":{"line":12,"column":9},"end":{"line":12,"column":23}}},"fnMap":{"0":{"name":"(anonymous_0)","decl":{"start":{"line":4,"column":23},"end":{"line":4,"column":26}},"loc":{"start":{"line":4,"column":28},"end":{"line":10,"column":1}}}},"branchMap":{"0":{"loc":{"start":{"line":6,"column":2},"end":{"line":7,"column":73}},"type":"if","locations":[{"start":{"line":6,"column":2},"end":{"line":7,"column":73}}]}},"s":{"0":2,"1":2,"2":2,"3":63,"4":63,"5":0,"6":63,"7":2},"f":{"0":63},"b":{"0":[0]}}
,"/home/chiuyong/kanastra-challenge-boilerplate/src/hooks/useResetError.ts": {"path":"/home/chiuyong/kanastra-challenge-boilerplate/src/hooks/useResetError.ts","statementMap":{"0":{"start":{"line":1,"column":0},"end":{"line":1,"column":34}},"1":{"start":{"line":2,"column":0},"end":{"line":2,"column":50}},"2":{"start":{"line":3,"column":0},"end":{"line":3,"column":41}},"3":{"start":{"line":5,"column":22},"end":{"line":13,"column":1}},"4":{"start":{"line":6,"column":23},"end":{"line":6,"column":39}},"5":{"start":{"line":8,"column":2},"end":{"line":12,"column":17}},"6":{"start":{"line":9,"column":4},"end":{"line":11,"column":6}},"7":{"start":{"line":10,"column":6},"end":{"line":10,"column":77}},"8":{"start":{"line":15,"column":9},"end":{"line":15,"column":22}}},"fnMap":{"0":{"name":"(anonymous_0)","decl":{"start":{"line":5,"column":22},"end":{"line":5,"column":25}},"loc":{"start":{"line":5,"column":27},"end":{"line":13,"column":1}}},"1":{"name":"(anonymous_1)","decl":{"start":{"line":8,"column":12},"end":{"line":8,"column":15}},"loc":{"start":{"line":8,"column":17},"end":{"line":12,"column":3}}},"2":{"name":"(anonymous_2)","decl":{"start":{"line":9,"column":11},"end":{"line":9,"column":14}},"loc":{"start":{"line":9,"column":16},"end":{"line":11,"column":5}}}},"branchMap":{},"s":{"0":2,"1":2,"2":2,"3":2,"4":21,"5":21,"6":6,"7":6,"8":2},"f":{"0":21,"1":6,"2":6},"b":{}}
,"/home/chiuyong/kanastra-challenge-boilerplate/src/hooks/useUploadFile.ts": {"path":"/home/chiuyong/kanastra-challenge-boilerplate/src/hooks/useUploadFile.ts","statementMap":{"0":{"start":{"line":1,"column":0},"end":{"line":1,"column":36}},"1":{"start":{"line":2,"column":0},"end":{"line":2,"column":50}},"2":{"start":{"line":3,"column":0},"end":{"line":3,"column":59}},"3":{"start":{"line":4,"column":0},"end":{"line":4,"column":41}},"4":{"start":{"line":6,"column":29},"end":{"line":34,"column":1}},"5":{"start":{"line":7,"column":23},"end":{"line":7,"column":39}},"6":{"start":{"line":9,"column":21},"end":{"line":30,"column":null}},"7":{"start":{"line":11,"column":6},"end":{"line":14,"column":9}},"8":{"start":{"line":15,"column":6},"end":{"line":28,"column":7}},"9":{"start":{"line":16,"column":8},"end":{"line":16,"column":38}},"10":{"start":{"line":17,"column":8},"end":{"line":17,"column":74}},"11":{"start":{"line":19,"column":8},"end":{"line":22,"column":11}},"12":{"start":{"line":24,"column":8},"end":{"line":27,"column":11}},"13":{"start":{"line":33,"column":2},"end":{"line":33,"column":24}},"14":{"start":{"line":6,"column":13},"end":{"line":6,"column":29}}},"fnMap":{"0":{"name":"(anonymous_0)","decl":{"start":{"line":6,"column":29},"end":{"line":6,"column":32}},"loc":{"start":{"line":6,"column":34},"end":{"line":34,"column":1}}},"1":{"name":"(anonymous_1)","decl":{"start":{"line":10,"column":4},"end":{"line":10,"column":9}},"loc":{"start":{"line":10,"column":25},"end":{"line":29,"column":5}}}},"branchMap":{},"s":{"0":1,"1":1,"2":1,"3":1,"4":1,"5":12,"6":12,"7":3,"8":3,"9":3,"10":2,"11":1,"12":3,"13":12,"14":1},"f":{"0":12,"1":3},"b":{}}
,"/home/chiuyong/kanastra-challenge-boilerplate/src/lib/utils.ts": {"path":"/home/chiuyong/kanastra-challenge-boilerplate/src/lib/utils.ts","statementMap":{"0":{"start":{"line":1,"column":0},"end":{"line":1,"column":44}},"1":{"start":{"line":2,"column":0},"end":{"line":2,"column":40}},"2":{"start":{"line":5,"column":2},"end":{"line":5,"column":null}},"3":{"start":{"line":4,"column":0},"end":{"line":4,"column":16}}},"fnMap":{"0":{"name":"cn","decl":{"start":{"line":4,"column":16},"end":{"line":4,"column":18}},"loc":{"start":{"line":4,"column":42},"end":{"line":6,"column":1}}}},"branchMap":{},"s":{"0":1,"1":1,"2":27,"3":1},"f":{"0":27},"b":{}}
,"/home/chiuyong/kanastra-challenge-boilerplate/src/pages/FileListPage.tsx": {"path":"/home/chiuyong/kanastra-challenge-boilerplate/src/pages/FileListPage.tsx","statementMap":{"0":{"start":{"line":1,"column":0},"end":{"line":1,"column":34}},"1":{"start":{"line":2,"column":0},"end":{"line":2,"column":null}},"2":{"start":{"line":10,"column":0},"end":{"line":10,"column":56}},"3":{"start":{"line":11,"column":0},"end":{"line":11,"column":54}},"4":{"start":{"line":12,"column":0},"end":{"line":12,"column":54}},"5":{"start":{"line":14,"column":21},"end":{"line":53,"column":1}},"6":{"start":{"line":15,"column":20},"end":{"line":15,"column":36}},"7":{"start":{"line":16,"column":25},"end":{"line":16,"column":40}},"8":{"start":{"line":17,"column":2},"end":{"line":17,"column":18}},"9":{"start":{"line":19,"column":2},"end":{"line":21,"column":19}},"10":{"start":{"line":20,"column":4},"end":{"line":20,"column":17}},"11":{"start":{"line":23,"column":2},"end":{"line":52,"column":4}},"12":{"start":{"line":42,"column":14},"end":{"line":42,"column":null}},"13":{"start":{"line":55,"column":0},"end":{"line":55,"column":28}}},"fnMap":{"0":{"name":"(anonymous_0)","decl":{"start":{"line":14,"column":21},"end":{"line":14,"column":24}},"loc":{"start":{"line":14,"column":26},"end":{"line":53,"column":1}}},"1":{"name":"(anonymous_1)","decl":{"start":{"line":19,"column":12},"end":{"line":19,"column":15}},"loc":{"start":{"line":19,"column":17},"end":{"line":21,"column":3}}},"2":{"name":"(anonymous_2)","decl":{"start":{"line":41,"column":32},"end":{"line":41,"column":33}},"loc":{"start":{"line":42,"column":14},"end":{"line":42,"column":null}}}},"branchMap":{"0":{"loc":{"start":{"line":26,"column":7},"end":{"line":26,"column":43}},"type":"binary-expr","locations":[{"start":{"line":26,"column":7},"end":{"line":26,"column":22}},{"start":{"line":26,"column":26},"end":{"line":26,"column":43}}]},"1":{"loc":{"start":{"line":27,"column":7},"end":{"line":27,"column":67}},"type":"binary-expr","locations":[{"start":{"line":27,"column":7},"end":{"line":27,"column":18}},{"start":{"line":27,"column":22},"end":{"line":27,"column":67}}]},"2":{"loc":{"start":{"line":28,"column":7},"end":{"line":29,"column":null}},"type":"binary-expr","locations":[{"start":{"line":28,"column":7},"end":{"line":28,"column":23}},{"start":{"line":28,"column":27},"end":{"line":28,"column":39}},{"start":{"line":28,"column":43},"end":{"line":28,"column":70}},{"start":{"line":29,"column":8},"end":{"line":29,"column":33}}]},"3":{"loc":{"start":{"line":31,"column":7},"end":{"line":49,"column":null}},"type":"binary-expr","locations":[{"start":{"line":31,"column":7},"end":{"line":31,"column":23}},{"start":{"line":31,"column":27},"end":{"line":31,"column":39}},{"start":{"line":31,"column":43},"end":{"line":31,"column":68}},{"start":{"line":32,"column":8},"end":{"line":48,"column":null}}]}},"s":{"0":1,"1":1,"2":1,"3":1,"4":1,"5":1,"6":9,"7":9,"8":9,"9":9,"10":3,"11":9,"12":5,"13":1},"f":{"0":9,"1":3,"2":5},"b":{"0":[9,3],"1":[9,1],"2":[9,6,5,4],"3":[9,6,5,1]}}
,"/home/chiuyong/kanastra-challenge-boilerplate/src/pages/UploadPage.tsx": {"path":"/home/chiuyong/kanastra-challenge-boilerplate/src/pages/UploadPage.tsx","statementMap":{"0":{"start":{"line":1,"column":0},"end":{"line":1,"column":40}},"1":{"start":{"line":2,"column":0},"end":{"line":2,"column":56}},"2":{"start":{"line":3,"column":0},"end":{"line":3,"column":60}},"3":{"start":{"line":4,"column":0},"end":{"line":4,"column":54}},"4":{"start":{"line":5,"column":0},"end":{"line":5,"column":54}},"5":{"start":{"line":7,"column":29},"end":{"line":32,"column":1}},"6":{"start":{"line":8,"column":26},"end":{"line":8,"column":53}},"7":{"start":{"line":9,"column":20},"end":{"line":9,"column":36}},"8":{"start":{"line":10,"column":25},"end":{"line":10,"column":40}},"9":{"start":{"line":11,"column":2},"end":{"line":11,"column":18}},"10":{"start":{"line":13,"column":27},"end":{"line":18,"column":3}},"11":{"start":{"line":14,"column":4},"end":{"line":17,"column":5}},"12":{"start":{"line":15,"column":6},"end":{"line":15,"column":29}},"13":{"start":{"line":16,"column":6},"end":{"line":16,"column":20}},"14":{"start":{"line":20,"column":2},"end":{"line":31,"column":4}},"15":{"start":{"line":34,"column":0},"end":{"line":34,"column":26}}},"fnMap":{"0":{"name":"(anonymous_0)","decl":{"start":{"line":7,"column":29},"end":{"line":7,"column":32}},"loc":{"start":{"line":7,"column":34},"end":{"line":32,"column":1}}},"1":{"name":"(anonymous_1)","decl":{"start":{"line":13,"column":27},"end":{"line":13,"column":32}},"loc":{"start":{"line":13,"column":38},"end":{"line":18,"column":3}}}},"branchMap":{"0":{"loc":{"start":{"line":14,"column":4},"end":{"line":17,"column":5}},"type":"if","locations":[{"start":{"line":14,"column":4},"end":{"line":17,"column":5}}]}},"s":{"0":1,"1":1,"2":1,"3":1,"4":1,"5":1,"6":12,"7":12,"8":12,"9":12,"10":12,"11":3,"12":3,"13":3,"14":12,"15":1},"f":{"0":12,"1":3},"b":{"0":[3]}}
,"/home/chiuyong/kanastra-challenge-boilerplate/src/reducers/fileReducer.ts": {"path":"/home/chiuyong/kanastra-challenge-boilerplate/src/reducers/fileReducer.ts","statementMap":{"0":{"start":{"line":1,"column":0},"end":{"line":1,"column":71}},"1":{"start":{"line":3,"column":13},"end":{"line":8,"column":2}},"2":{"start":{"line":10,"column":27},"end":{"line":40,"column":1}},"3":{"start":{"line":14,"column":2},"end":{"line":39,"column":3}},"4":{"start":{"line":16,"column":6},"end":{"line":20,"column":8}},"5":{"start":{"line":22,"column":6},"end":{"line":26,"column":8}},"6":{"start":{"line":28,"column":6},"end":{"line":31,"column":8}},"7":{"start":{"line":33,"column":6},"end":{"line":36,"column":8}},"8":{"start":{"line":38,"column":6},"end":{"line":38,"column":63}},"9":{"start":{"line":10,"column":13},"end":{"line":10,"column":27}}},"fnMap":{"0":{"name":"(anonymous_0)","decl":{"start":{"line":10,"column":27},"end":{"line":10,"column":null}},"loc":{"start":{"line":13,"column":22},"end":{"line":40,"column":1}}}},"branchMap":{"0":{"loc":{"start":{"line":14,"column":2},"end":{"line":39,"column":3}},"type":"switch","locations":[{"start":{"line":15,"column":4},"end":{"line":20,"column":8}},{"start":{"line":21,"column":4},"end":{"line":26,"column":8}},{"start":{"line":27,"column":4},"end":{"line":31,"column":8}},{"start":{"line":32,"column":4},"end":{"line":36,"column":8}},{"start":{"line":37,"column":4},"end":{"line":38,"column":63}}]},"1":{"loc":{"start":{"line":18,"column":14},"end":{"line":18,"column":42}},"type":"binary-expr","locations":[{"start":{"line":18,"column":14},"end":{"line":18,"column":34}},{"start":{"line":18,"column":38},"end":{"line":18,"column":42}}]},"2":{"loc":{"start":{"line":25,"column":18},"end":{"line":25,"column":48}},"type":"binary-expr","locations":[{"start":{"line":25,"column":18},"end":{"line":25,"column":42}},{"start":{"line":25,"column":46},"end":{"line":25,"column":48}}]},"3":{"loc":{"start":{"line":30,"column":19},"end":{"line":30,"column":53}},"type":"binary-expr","locations":[{"start":{"line":30,"column":19},"end":{"line":30,"column":44}},{"start":{"line":30,"column":48},"end":{"line":30,"column":53}}]},"4":{"loc":{"start":{"line":35,"column":15},"end":{"line":35,"column":44}},"type":"binary-expr","locations":[{"start":{"line":35,"column":15},"end":{"line":35,"column":36}},{"start":{"line":35,"column":40},"end":{"line":35,"column":44}}]}},"s":{"0":2,"1":2,"2":2,"3":18,"4":2,"5":2,"6":12,"7":2,"8":0,"9":2},"f":{"0":18},"b":{"0":[2,2,12,2,0],"1":[2,0],"2":[2,0],"3":[12,6],"4":[2,0]}}
,"/home/chiuyong/kanastra-challenge-boilerplate/src/services/fileService.ts": {"path":"/home/chiuyong/kanastra-challenge-boilerplate/src/services/fileService.ts","statementMap":{"0":{"start":{"line":1,"column":0},"end":{"line":1,"column":42}},"1":{"start":{"line":4,"column":21},"end":{"line":6,"column":1}},"2":{"start":{"line":5,"column":2},"end":{"line":5,"column":35}},"3":{"start":{"line":9,"column":27},"end":{"line":11,"column":1}},"4":{"start":{"line":10,"column":2},"end":{"line":10,"column":72}},"5":{"start":{"line":13,"column":24},"end":{"line":23,"column":1}},"6":{"start":{"line":14,"column":2},"end":{"line":22,"column":3}},"7":{"start":{"line":15,"column":4},"end":{"line":17,"column":22}},"8":{"start":{"line":18,"column":9},"end":{"line":22,"column":3}},"9":{"start":{"line":19,"column":4},"end":{"line":19,"column":25}},"10":{"start":{"line":21,"column":4},"end":{"line":21,"column":42}},"11":{"start":{"line":25,"column":33},"end":{"line":37,"column":1}},"12":{"start":{"line":26,"column":19},"end":{"line":26,"column":33}},"13":{"start":{"line":27,"column":2},"end":{"line":27,"column":32}},"14":{"start":{"line":29,"column":2},"end":{"line":36,"column":3}},"15":{"start":{"line":30,"column":21},"end":{"line":30,"column":62}},"16":{"start":{"line":31,"column":4},"end":{"line":33,"column":5}},"17":{"start":{"line":32,"column":6},"end":{"line":32,"column":47}},"18":{"start":{"line":35,"column":4},"end":{"line":35,"column":72}},"19":{"start":{"line":25,"column":13},"end":{"line":25,"column":33}},"20":{"start":{"line":39,"column":33},"end":{"line":49,"column":1}},"21":{"start":{"line":40,"column":2},"end":{"line":48,"column":3}},"22":{"start":{"line":41,"column":21},"end":{"line":41,"column":50}},"23":{"start":{"line":42,"column":4},"end":{"line":44,"column":5}},"24":{"start":{"line":43,"column":6},"end":{"line":43,"column":47}},"25":{"start":{"line":45,"column":4},"end":{"line":45,"column":31}},"26":{"start":{"line":47,"column":4},"end":{"line":47,"column":72}},"27":{"start":{"line":39,"column":13},"end":{"line":39,"column":33}}},"fnMap":{"0":{"name":"(anonymous_0)","decl":{"start":{"line":4,"column":21},"end":{"line":4,"column":22}},"loc":{"start":{"line":4,"column":61},"end":{"line":6,"column":1}}},"1":{"name":"(anonymous_1)","decl":{"start":{"line":9,"column":27},"end":{"line":9,"column":28}},"loc":{"start":{"line":9,"column":74},"end":{"line":11,"column":1}}},"2":{"name":"(anonymous_2)","decl":{"start":{"line":13,"column":24},"end":{"line":13,"column":25}},"loc":{"start":{"line":13,"column":51},"end":{"line":23,"column":1}}},"3":{"name":"(anonymous_3)","decl":{"start":{"line":25,"column":33},"end":{"line":25,"column":38}},"loc":{"start":{"line":25,"column":69},"end":{"line":37,"column":1}}},"4":{"name":"(anonymous_4)","decl":{"start":{"line":39,"column":33},"end":{"line":39,"column":38}},"loc":{"start":{"line":39,"column":61},"end":{"line":49,"column":1}}}},"branchMap":{"0":{"loc":{"start":{"line":10,"column":9},"end":{"line":10,"column":71}},"type":"binary-expr","locations":[{"start":{"line":10,"column":9},"end":{"line":10,"column":22}},{"start":{"line":10,"column":26},"end":{"line":10,"column":50}},{"start":{"line":10,"column":54},"end":{"line":10,"column":71}}]},"1":{"loc":{"start":{"line":14,"column":2},"end":{"line":22,"column":3}},"type":"if","locations":[{"start":{"line":14,"column":2},"end":{"line":22,"column":3}},{"start":{"line":18,"column":9},"end":{"line":22,"column":3}}]},"2":{"loc":{"start":{"line":15,"column":11},"end":{"line":17,"column":21}},"type":"cond-expr","locations":[{"start":{"line":16,"column":8},"end":{"line":16,"column":36}},{"start":{"line":17,"column":8},"end":{"line":17,"column":21}}]},"3":{"loc":{"start":{"line":18,"column":9},"end":{"line":22,"column":3}},"type":"if","locations":[{"start":{"line":18,"column":9},"end":{"line":22,"column":3}},{"start":{"line":20,"column":9},"end":{"line":22,"column":3}}]},"4":{"loc":{"start":{"line":31,"column":4},"end":{"line":33,"column":5}},"type":"if","locations":[{"start":{"line":31,"column":4},"end":{"line":33,"column":5}}]},"5":{"loc":{"start":{"line":42,"column":4},"end":{"line":44,"column":5}},"type":"if","locations":[{"start":{"line":42,"column":4},"end":{"line":44,"column":5}}]}},"s":{"0":1,"1":1,"2":0,"3":1,"4":0,"5":1,"6":0,"7":0,"8":0,"9":0,"10":0,"11":1,"12":0,"13":0,"14":0,"15":0,"16":0,"17":0,"18":0,"19":1,"20":1,"21":0,"22":0,"23":0,"24":0,"25":0,"26":0,"27":1},"f":{"0":0,"1":0,"2":0,"3":0,"4":0},"b":{"0":[0,0,0],"1":[0,0],"2":[0,0],"3":[0,0],"4":[0],"5":[0]}}
,"/home/chiuyong/kanastra-challenge-boilerplate/src/types/file.ts": {"path":"/home/chiuyong/kanastra-challenge-boilerplate/src/types/file.ts","statementMap":{"0":{"start":{"line":3,"column":0},"end":{"line":3,"column":null}},"1":{"start":{"line":4,"column":2},"end":{"line":4,"column":null}},"2":{"start":{"line":5,"column":2},"end":{"line":5,"column":null}},"3":{"start":{"line":6,"column":2},"end":{"line":6,"column":null}},"4":{"start":{"line":7,"column":2},"end":{"line":7,"column":null}}},"fnMap":{"0":{"name":"(anonymous_0)","decl":{"start":{"line":3,"column":0},"end":{"line":3,"column":5}},"loc":{"start":{"line":3,"column":19},"end":{"line":8,"column":1}}}},"branchMap":{"0":{"loc":{"start":{"line":3,"column":5},"end":{"line":3,"column":null}},"type":"binary-expr","locations":[{"start":{"line":3,"column":5},"end":{"line":3,"column":19}},{"start":{"line":3,"column":19},"end":{"line":3,"column":null}}]}},"s":{"0":2,"1":2,"2":2,"3":2,"4":2},"f":{"0":2},"b":{"0":[2,2]}}
,"/home/chiuyong/kanastra-challenge-boilerplate/src/types/index.ts": {"path":"/home/chiuyong/kanastra-challenge-boilerplate/src/types/index.ts","statementMap":{"0":{"start":{"line":1,"column":0},"end":{"line":1,"column":23}}},"fnMap":{},"branchMap":{},"s":{"0":2},"f":{},"b":{}}
}
