TN:
SF:src/components/ui/FileUploader.tsx
FN:10,(anonymous_0)
FN:17,(anonymous_1)
FN:25,(anonymous_2)
FN:35,(anonymous_3)
FNF:4
FNH:4
FNDA:19,(anonymous_0)
FNDA:5,(anonymous_1)
FNDA:5,(anonymous_2)
FNDA:4,(anonymous_3)
DA:10,2
DA:17,19
DA:18,5
DA:25,19
DA:26,5
DA:27,5
DA:28,1
DA:29,1
DA:31,4
DA:35,19
DA:36,4
DA:37,4
DA:40,19
DA:80,2
LF:14
LH:14
BRDA:19,0,0,5
BRDA:19,0,1,1
BRDA:19,0,2,1
BRDA:26,1,0,5
BRDA:26,1,1,0
BRDA:27,2,0,1
BRDA:27,2,1,4
BRDA:27,3,0,5
BRDA:27,3,1,5
BRDA:54,4,0,19
BRDA:54,4,1,2
BRDA:56,5,0,19
BRDA:56,5,1,8
BRDA:67,6,0,19
BRDA:67,6,1,8
BRDA:73,7,0,3
BRDA:73,7,1,5
BRF:17
BRH:16
end_of_record
TN:
SF:src/components/ui/table.tsx
FN:8,(anonymous_0)
FN:22,(anonymous_1)
FN:30,(anonymous_2)
FN:42,(anonymous_3)
FN:54,(anonymous_4)
FN:69,(anonymous_5)
FN:84,(anonymous_6)
FN:96,(anonymous_7)
FNF:8
FNH:6
FNDA:1,(anonymous_0)
FNDA:1,(anonymous_1)
FNDA:1,(anonymous_2)
FNDA:0,(anonymous_3)
FNDA:6,(anonymous_4)
FNDA:3,(anonymous_5)
FNDA:15,(anonymous_6)
FNDA:0,(anonymous_7)
DA:1,1
DA:3,1
DA:5,1
DA:9,1
DA:17,1
DA:19,1
DA:23,1
DA:25,1
DA:27,1
DA:31,1
DA:37,1
DA:39,1
DA:43,0
DA:49,1
DA:51,1
DA:55,6
DA:64,1
DA:66,1
DA:70,3
DA:79,1
DA:81,1
DA:85,15
DA:91,1
DA:93,1
DA:97,0
DA:103,1
DA:106,1
DA:107,1
DA:108,1
DA:109,1
DA:110,1
DA:111,1
DA:112,1
DA:113,1
LF:34
LH:32
BRF:0
BRH:0
end_of_record
TN:
SF:src/context/FileContext.tsx
FN:7,(anonymous_0)
FNF:1
FNH:1
FNDA:18,(anonymous_0)
DA:1,2
DA:3,2
DA:5,2
DA:7,2
DA:8,18
DA:10,18
DA:17,2
LF:7
LH:7
BRF:0
BRH:0
end_of_record
TN:
SF:src/hooks/useFetchFiles.ts
FN:6,(anonymous_0)
FN:9,(anonymous_1)
FNF:2
FNH:2
FNDA:9,(anonymous_0)
FNDA:3,(anonymous_1)
DA:1,1
DA:2,1
DA:3,1
DA:4,1
DA:6,1
DA:7,9
DA:9,9
DA:10,3
DA:14,3
DA:15,3
DA:16,2
DA:18,1
DA:23,3
DA:30,9
LF:14
LH:14
BRF:0
BRH:0
end_of_record
TN:
SF:src/hooks/useFileContext.ts
FN:4,(anonymous_0)
FNF:1
FNH:1
FNDA:63,(anonymous_0)
DA:1,2
DA:2,2
DA:4,2
DA:5,63
DA:6,63
DA:7,0
DA:9,63
DA:12,2
LF:8
LH:7
BRDA:6,0,0,0
BRF:1
BRH:0
end_of_record
TN:
SF:src/hooks/useResetError.ts
FN:5,(anonymous_0)
FN:8,(anonymous_1)
FN:9,(anonymous_2)
FNF:3
FNH:3
FNDA:21,(anonymous_0)
FNDA:6,(anonymous_1)
FNDA:6,(anonymous_2)
DA:1,2
DA:2,2
DA:3,2
DA:5,2
DA:6,21
DA:8,21
DA:9,6
DA:10,6
DA:15,2
LF:9
LH:9
BRF:0
BRH:0
end_of_record
TN:
SF:src/hooks/useUploadFile.ts
FN:6,(anonymous_0)
FN:10,(anonymous_1)
FNF:2
FNH:2
FNDA:12,(anonymous_0)
FNDA:3,(anonymous_1)
DA:1,1
DA:2,1
DA:3,1
DA:4,1
DA:6,1
DA:7,12
DA:9,12
DA:11,3
DA:15,3
DA:16,3
DA:17,2
DA:19,1
DA:24,3
DA:33,12
LF:14
LH:14
BRF:0
BRH:0
end_of_record
TN:
SF:src/lib/utils.ts
FN:4,cn
FNF:1
FNH:1
FNDA:27,cn
DA:1,1
DA:2,1
DA:4,1
DA:5,27
LF:4
LH:4
BRF:0
BRH:0
end_of_record
TN:
SF:src/pages/FileListPage.tsx
FN:14,(anonymous_0)
FN:19,(anonymous_1)
FN:41,(anonymous_2)
FNF:3
FNH:3
FNDA:9,(anonymous_0)
FNDA:3,(anonymous_1)
FNDA:5,(anonymous_2)
DA:1,1
DA:2,1
DA:10,1
DA:11,1
DA:12,1
DA:14,1
DA:15,9
DA:16,9
DA:17,9
DA:19,9
DA:20,3
DA:23,9
DA:42,5
DA:55,1
LF:14
LH:14
BRDA:26,0,0,9
BRDA:26,0,1,3
BRDA:27,1,0,9
BRDA:27,1,1,1
BRDA:28,2,0,9
BRDA:28,2,1,6
BRDA:28,2,2,5
BRDA:28,2,3,4
BRDA:31,3,0,9
BRDA:31,3,1,6
BRDA:31,3,2,5
BRDA:31,3,3,1
BRF:12
BRH:12
end_of_record
TN:
SF:src/pages/UploadPage.tsx
FN:7,(anonymous_0)
FN:13,(anonymous_1)
FNF:2
FNH:2
FNDA:12,(anonymous_0)
FNDA:3,(anonymous_1)
DA:1,1
DA:2,1
DA:3,1
DA:4,1
DA:5,1
DA:7,1
DA:8,12
DA:9,12
DA:10,12
DA:11,12
DA:13,12
DA:14,3
DA:15,3
DA:16,3
DA:20,12
DA:34,1
LF:16
LH:16
BRDA:14,0,0,3
BRF:1
BRH:1
end_of_record
TN:
SF:src/reducers/fileReducer.ts
FN:10,(anonymous_0)
FNF:1
FNH:1
FNDA:18,(anonymous_0)
DA:1,2
DA:3,2
DA:10,2
DA:14,18
DA:16,2
DA:22,2
DA:28,12
DA:33,2
DA:38,0
LF:9
LH:8
BRDA:14,0,0,2
BRDA:14,0,1,2
BRDA:14,0,2,12
BRDA:14,0,3,2
BRDA:14,0,4,0
BRDA:18,1,0,2
BRDA:18,1,1,0
BRDA:25,2,0,2
BRDA:25,2,1,0
BRDA:30,3,0,12
BRDA:30,3,1,6
BRDA:35,4,0,2
BRDA:35,4,1,0
BRF:13
BRH:9
end_of_record
TN:
SF:src/services/fileService.ts
FN:4,(anonymous_0)
FN:9,(anonymous_1)
FN:13,(anonymous_2)
FN:25,(anonymous_3)
FN:39,(anonymous_4)
FNF:5
FNH:0
FNDA:0,(anonymous_0)
FNDA:0,(anonymous_1)
FNDA:0,(anonymous_2)
FNDA:0,(anonymous_3)
FNDA:0,(anonymous_4)
DA:1,1
DA:4,1
DA:5,0
DA:9,1
DA:10,0
DA:13,1
DA:14,0
DA:15,0
DA:18,0
DA:19,0
DA:21,0
DA:25,1
DA:26,0
DA:27,0
DA:29,0
DA:30,0
DA:31,0
DA:32,0
DA:35,0
DA:39,1
DA:40,0
DA:41,0
DA:42,0
DA:43,0
DA:45,0
DA:47,0
LF:26
LH:6
BRDA:10,0,0,0
BRDA:10,0,1,0
BRDA:10,0,2,0
BRDA:14,1,0,0
BRDA:14,1,1,0
BRDA:15,2,0,0
BRDA:15,2,1,0
BRDA:18,3,0,0
BRDA:18,3,1,0
BRDA:31,4,0,0
BRDA:42,5,0,0
BRF:11
BRH:0
end_of_record
TN:
SF:src/types/file.ts
FN:3,(anonymous_0)
FNF:1
FNH:1
FNDA:2,(anonymous_0)
DA:3,2
DA:4,2
DA:5,2
DA:6,2
DA:7,2
LF:5
LH:5
BRDA:3,0,0,2
BRDA:3,0,1,2
BRF:2
BRH:2
end_of_record
TN:
SF:src/types/index.ts
FNF:0
FNH:0
DA:1,2
LF:1
LH:1
BRF:0
BRH:0
end_of_record
